<?xml version="1.0" encoding="UTF-8"?>
<testng-results ignored="0" total="1" passed="1" failed="0" skipped="0">
  <reporter-output>
  </reporter-output>
  <suite started-at="2023-11-29T11:20:21 IST" name="Default suite" finished-at="2023-11-29T11:21:19 IST" duration-ms="58075">
    <groups>
    </groups>
    <test started-at="2023-11-29T11:20:21 IST" name="Default test" finished-at="2023-11-29T11:21:19 IST" duration-ms="58075">
      <class name="LoginProject.Mahak_loginpage.Login">
        <test-method signature="login()[pri:0, instance:LoginProject.Mahak_loginpage.Login@4f209819]" started-at="2023-11-29T11:20:21 IST" name="login" finished-at="2023-11-29T11:21:19 IST" duration-ms="58005" status="PASS">
          <reporter-output>
          </reporter-output>
        </test-method> <!-- login -->
      </class> <!-- LoginProject.Mahak_loginpage.Login -->
    </test> <!-- Default test -->
  </suite> <!-- Default suite -->
</testng-results>
